<?xml version="1.0" encoding="UTF-8"?>
<!-- Generated by org.testng.reporters.JUnitXMLReporter -->
<testsuite ignored="0" hostname="DESKTOP-K2O8RGS" failures="0" tests="4" name="Default test" time="26.263" errors="0" timestamp="2024-05-18T13:50:04 IST">
  <testcase classname="OrangeHRMtest.OrangeHRMApplication_LogInTest" name="orangeHRMApplicationValidation_LogInPage" time="0.522"/>
  <testcase classname="OrangeHRMtest.OrangeHRMApplication_LogInTest" name="orangeHRMApplicationLogInTest" time="10.559"/>
  <testcase classname="OrangeHRMtest.OrangeHRMApplication_LogInTest" name="orangeHRMApplicationValidation_HomePage" time="0.537"/>
  <testcase classname="OrangeHRMtest.OrangeHRMApplication_LogInTest" name="orangeHRMApplication_LogOutTest" time="1.68"/>
</testsuite> <!-- Default test -->
